[debug] [2025-01-04T00:52:37.221Z] ----------------------------------------------------------------------
[debug] [2025-01-04T00:52:37.223Z] Command:       C:\Program Files\nodejs\node.exe C:\Users\noteb\AppData\Roaming\npm\node_modules\firebase-tools\lib\bin\firebase.js deploy
[debug] [2025-01-04T00:52:37.225Z] CLI Version:   11.24.1
[debug] [2025-01-04T00:52:37.225Z] Platform:      win32
[debug] [2025-01-04T00:52:37.225Z] Node Version:  v18.14.2
[debug] [2025-01-04T00:52:37.226Z] Time:          Fri Jan 03 2025 21:52:37 GMT-0300 (Horário Padrão de Brasília)
[debug] [2025-01-04T00:52:37.226Z] ----------------------------------------------------------------------
[debug] 
[debug] [2025-01-04T00:52:37.231Z] >>> [apiv2][query] GET https://firebase-public.firebaseio.com/cli.json [none]
[debug] [2025-01-04T00:52:37.364Z] > command requires scopes: ["email","openid","https://www.googleapis.com/auth/cloudplatformprojects.readonly","https://www.googleapis.com/auth/firebase","https://www.googleapis.com/auth/cloud-platform"]
[debug] [2025-01-04T00:52:37.364Z] > authorizing via signed-in user (jadrouville@gmail.com)
[debug] [2025-01-04T00:52:37.365Z] [iam] checking project juan-drouville for permissions ["firebase.projects.get","firebasehosting.sites.update"]
[debug] [2025-01-04T00:52:37.366Z] > refreshing access token with scopes: []
[debug] [2025-01-04T00:52:37.367Z] >>> [apiv2][query] POST https://www.googleapis.com/oauth2/v3/token [none]
[debug] [2025-01-04T00:52:37.367Z] >>> [apiv2][body] POST https://www.googleapis.com/oauth2/v3/token [omitted]
[debug] [2025-01-04T00:52:37.804Z] <<< [apiv2][status] POST https://www.googleapis.com/oauth2/v3/token 400
[debug] [2025-01-04T00:52:37.804Z] <<< [apiv2][body] POST https://www.googleapis.com/oauth2/v3/token [omitted]
[debug] [2025-01-04T00:52:37.805Z] >>> [apiv2][query] POST https://cloudresourcemanager.googleapis.com/v1/projects/juan-drouville:testIamPermissions [none]
[debug] [2025-01-04T00:52:37.805Z] >>> [apiv2][(partial)header] POST https://cloudresourcemanager.googleapis.com/v1/projects/juan-drouville:testIamPermissions x-goog-quota-user=projects/juan-drouville
[debug] [2025-01-04T00:52:37.805Z] >>> [apiv2][body] POST https://cloudresourcemanager.googleapis.com/v1/projects/juan-drouville:testIamPermissions {"permissions":["firebase.projects.get","firebasehosting.sites.update"]}
[debug] [2025-01-04T00:52:37.935Z] <<< [apiv2][status] GET https://firebase-public.firebaseio.com/cli.json 200
[debug] [2025-01-04T00:52:37.935Z] <<< [apiv2][body] GET https://firebase-public.firebaseio.com/cli.json {"cloudBuildErrorAfter":1594252800000,"cloudBuildWarnAfter":1590019200000,"defaultNode10After":1594252800000,"minVersion":"3.0.5","node8DeploysDisabledAfter":1613390400000,"node8RuntimeDisabledAfter":1615809600000,"node8WarnAfter":1600128000000}
[debug] [2025-01-04T00:52:38.800Z] <<< [apiv2][status] POST https://cloudresourcemanager.googleapis.com/v1/projects/juan-drouville:testIamPermissions 401
[debug] [2025-01-04T00:52:38.800Z] <<< [apiv2][body] POST https://cloudresourcemanager.googleapis.com/v1/projects/juan-drouville:testIamPermissions {"error":{"code":401,"message":"Request had invalid authentication credentials. Expected OAuth 2 access token, login cookie or other valid authentication credential. See https://developers.google.com/identity/sign-in/web/devconsole-project.","status":"UNAUTHENTICATED","details":[{"@type":"type.googleapis.com/google.rpc.ErrorInfo","reason":"ACCESS_TOKEN_TYPE_UNSUPPORTED","metadata":{"method":"google.cloudresourcemanager.v1.Projects.TestIamPermissions","service":"cloudresourcemanager.googleapis.com"}}]}}
[debug] [2025-01-04T00:52:38.807Z] [iam] error while checking permissions, command may fail: FirebaseError: HTTP Error: 401, Request had invalid authentication credentials. Expected OAuth 2 access token, login cookie or other valid authentication credential. See https://developers.google.com/identity/sign-in/web/devconsole-project.
[debug] [2025-01-04T00:52:38.809Z] > refreshing access token with scopes: []
[debug] [2025-01-04T00:52:38.810Z] >>> [apiv2][query] POST https://www.googleapis.com/oauth2/v3/token [none]
[debug] [2025-01-04T00:52:38.810Z] >>> [apiv2][body] POST https://www.googleapis.com/oauth2/v3/token [omitted]
[debug] [2025-01-04T00:52:39.061Z] <<< [apiv2][status] POST https://www.googleapis.com/oauth2/v3/token 400
[debug] [2025-01-04T00:52:39.061Z] <<< [apiv2][body] POST https://www.googleapis.com/oauth2/v3/token [omitted]
[debug] [2025-01-04T00:52:39.063Z] >>> [apiv2][query] GET https://firebase.googleapis.com/v1beta1/projects/juan-drouville [none]
[debug] [2025-01-04T00:52:39.342Z] <<< [apiv2][status] GET https://firebase.googleapis.com/v1beta1/projects/juan-drouville 401
[debug] [2025-01-04T00:52:39.343Z] <<< [apiv2][body] GET https://firebase.googleapis.com/v1beta1/projects/juan-drouville {"error":{"code":401,"message":"Request had invalid authentication credentials. Expected OAuth 2 access token, login cookie or other valid authentication credential. See https://developers.google.com/identity/sign-in/web/devconsole-project.","status":"UNAUTHENTICATED"}}
[debug] [2025-01-04T00:52:39.345Z] HTTP Error: 401, Request had invalid authentication credentials. Expected OAuth 2 access token, login cookie or other valid authentication credential. See https://developers.google.com/identity/sign-in/web/devconsole-project.
[debug] [2025-01-04T00:52:39.669Z] FirebaseError: HTTP Error: 401, Request had invalid authentication credentials. Expected OAuth 2 access token, login cookie or other valid authentication credential. See https://developers.google.com/identity/sign-in/web/devconsole-project.
    at responseToError (C:\Users\noteb\AppData\Roaming\npm\node_modules\firebase-tools\lib\responseToError.js:49:12)
    at RetryOperation._fn (C:\Users\noteb\AppData\Roaming\npm\node_modules\firebase-tools\lib\apiv2.js:288:77)
    at process.processTicksAndRejections (node:internal/process/task_queues:95:5)
[error] 
[error] Error: Failed to get Firebase project juan-drouville. Please make sure the project exists and your account has permission to access it.
